TN:
SF:dist/application/handler/handler.js
FN:2,(anonymous_0)
FN:3,adopt
FN:3,(anonymous_2)
FN:4,(anonymous_3)
FN:5,fulfilled
FN:6,rejected
FN:7,step
FN:15,(anonymous_7)
FN:18,(anonymous_8)
FN:19,(anonymous_9)
FNF:10
FNH:8
FNDA:1,(anonymous_0)
FNDA:1,adopt
FNDA:0,(anonymous_2)
FNDA:1,(anonymous_3)
FNDA:1,fulfilled
FNDA:0,rejected
FNDA:1,step
FNDA:1,(anonymous_7)
FNDA:1,(anonymous_8)
FNDA:1,(anonymous_9)
DA:2,1
DA:3,1
DA:4,1
DA:5,1
DA:6,0
DA:7,1
DA:8,1
DA:11,1
DA:12,1
DA:13,1
DA:16,1
DA:19,1
DA:20,1
DA:21,1
DA:25,1
DA:29,1
LF:16
LH:15
BRDA:2,0,0,1
BRDA:2,0,1,1
BRDA:2,0,2,1
BRDA:3,1,0,1
BRDA:3,1,1,0
BRDA:4,2,0,1
BRDA:4,2,1,1
BRDA:7,3,0,0
BRDA:7,3,1,1
BRDA:8,4,0,1
BRDA:8,4,1,1
BRF:11
BRH:9
end_of_record
TN:
SF:dist/constants/const.js
FN:5,(anonymous_0)
FNF:1
FNH:1
FNDA:1,(anonymous_0)
DA:2,1
DA:3,1
DA:5,1
DA:6,1
DA:7,1
DA:8,1
DA:9,1
LF:7
LH:7
BRDA:10,0,0,1
BRDA:10,0,1,1
BRF:2
BRH:2
end_of_record
TN:
SF:dist/domain/products/product.js
FN:2,(anonymous_0)
FN:3,adopt
FN:3,(anonymous_2)
FN:4,(anonymous_3)
FN:5,fulfilled
FN:6,rejected
FN:7,step
FN:15,(anonymous_7)
FN:19,(anonymous_8)
FN:20,(anonymous_9)
FNF:10
FNH:5
FNDA:2,(anonymous_0)
FNDA:0,adopt
FNDA:0,(anonymous_2)
FNDA:2,(anonymous_3)
FNDA:0,fulfilled
FNDA:0,rejected
FNDA:0,step
FNDA:2,(anonymous_7)
FNDA:2,(anonymous_8)
FNDA:2,(anonymous_9)
DA:2,1
DA:3,0
DA:4,2
DA:5,0
DA:6,0
DA:7,0
DA:8,2
DA:11,1
DA:12,1
DA:13,1
DA:16,2
DA:17,2
DA:20,2
DA:21,2
DA:22,0
DA:23,0
DA:24,0
DA:25,0
DA:28,0
DA:29,0
DA:34,1
LF:21
LH:11
BRDA:2,0,0,1
BRDA:2,0,1,1
BRDA:2,0,2,1
BRDA:3,1,0,0
BRDA:3,1,1,0
BRDA:4,2,0,2
BRDA:4,2,1,2
BRDA:7,3,0,0
BRDA:7,3,1,0
BRDA:8,4,0,2
BRDA:8,4,1,2
BRF:11
BRH:7
end_of_record
TN:
SF:dist/utils/error/error.js
FN:5,(anonymous_0)
FNF:1
FNH:0
FNDA:0,(anonymous_0)
DA:2,1
DA:3,1
DA:6,0
DA:7,0
DA:8,0
DA:11,1
LF:6
LH:3
BRF:0
BRH:0
end_of_record
TN:
SF:dist/utils/logger/logger.js
FN:5,(anonymous_0)
FN:11,(anonymous_1)
FN:14,(anonymous_2)
FN:20,(anonymous_3)
FN:23,(anonymous_4)
FN:29,(anonymous_5)
FN:33,(anonymous_6)
FNF:7
FNH:7
FNDA:1,(anonymous_0)
FNDA:1,(anonymous_1)
FNDA:3,(anonymous_2)
FNDA:7,(anonymous_3)
FNDA:4,(anonymous_4)
FNDA:2,(anonymous_5)
FNDA:5,(anonymous_6)
DA:2,1
DA:3,1
DA:5,1
DA:6,1
DA:7,1
DA:8,1
DA:12,1
DA:15,3
DA:16,1
DA:18,3
DA:21,7
DA:24,4
DA:25,3
DA:26,3
DA:30,2
DA:31,2
DA:34,5
DA:36,1
DA:38,2
DA:40,2
DA:42,0
DA:46,1
LF:22
LH:21
BRDA:9,0,0,1
BRDA:9,0,1,1
BRDA:15,1,0,1
BRDA:15,1,1,2
BRDA:23,2,0,2
BRDA:24,3,0,3
BRDA:24,3,1,1
BRDA:34,4,0,1
BRDA:34,4,1,2
BRDA:34,4,2,2
BRDA:34,4,3,0
BRF:11
BRH:10
end_of_record
TN:
SF:src/application/handler/handler.ts
FN:10,(anonymous_7)
FN:13,(anonymous_8)
FNF:2
FNH:2
FNDA:1,(anonymous_7)
FNDA:1,(anonymous_8)
DA:5,1
DA:8,1
DA:11,1
DA:14,1
DA:16,1
DA:21,1
LF:6
LH:6
BRF:0
BRH:0
end_of_record
TN:
SF:src/constants/const.ts
FN:1,(anonymous_0)
FNF:1
FNH:1
FNDA:1,(anonymous_0)
DA:1,1
DA:2,1
DA:3,1
DA:4,1
DA:5,1
LF:5
LH:5
BRDA:1,0,0,1
BRDA:1,0,1,1
BRF:2
BRH:2
end_of_record
TN:
SF:src/utils/logger/logger.ts
FN:1,(anonymous_0)
FN:11,(anonymous_1)
FN:15,(anonymous_2)
FN:22,(anonymous_3)
FN:26,(anonymous_4)
FN:33,(anonymous_5)
FN:38,(anonymous_6)
FNF:7
FNH:7
FNDA:1,(anonymous_0)
FNDA:1,(anonymous_1)
FNDA:3,(anonymous_2)
FNDA:7,(anonymous_3)
FNDA:4,(anonymous_4)
FNDA:2,(anonymous_5)
FNDA:5,(anonymous_6)
DA:1,1
DA:2,1
DA:3,1
DA:4,1
DA:7,1
DA:12,1
DA:16,3
DA:17,1
DA:19,3
DA:23,7
DA:27,4
DA:28,3
DA:29,3
DA:34,2
DA:35,2
DA:39,5
DA:41,1
DA:43,2
DA:45,2
DA:47,0
LF:20
LH:19
BRDA:1,0,0,1
BRDA:1,0,1,1
BRDA:16,1,0,1
BRDA:26,2,0,2
BRDA:27,3,0,3
BRDA:39,4,0,1
BRDA:39,4,1,2
BRDA:39,4,2,2
BRDA:39,4,3,0
BRF:9
BRH:8
end_of_record
